Jun-24 12:55:10.601 [main] DEBUG nextflow.cli.Launcher - $> nextflow run btv_cons_061224.nf
Jun-24 12:55:10.761 [main] INFO  nextflow.cli.CmdRun - N E X T F L O W  ~  version 23.10.1
Jun-24 12:55:10.795 [main] DEBUG nextflow.plugin.PluginsFacade - Setting up plugin manager > mode=prod; embedded=false; plugins-dir=/home/tdunham/.nextflow/plugins; core-plugins: nf-amazon@2.1.4,nf-azure@1.3.3,nf-cloudcache@0.3.0,nf-codecommit@0.1.5,nf-console@1.0.6,nf-ga4gh@1.1.0,nf-google@1.8.3,nf-tower@1.6.3,nf-wave@1.0.1
Jun-24 12:55:10.811 [main] INFO  o.pf4j.DefaultPluginStatusProvider - Enabled plugins: []
Jun-24 12:55:10.813 [main] INFO  o.pf4j.DefaultPluginStatusProvider - Disabled plugins: []
Jun-24 12:55:10.818 [main] INFO  org.pf4j.DefaultPluginManager - PF4J version 3.4.1 in 'deployment' mode
Jun-24 12:55:10.836 [main] INFO  org.pf4j.AbstractPluginManager - No plugins
Jun-24 12:55:10.866 [main] DEBUG nextflow.config.ConfigBuilder - Found config local: /home/tdunham/nextflow_tutorial/btv_consensus_generation_nextflow/nextflow.config
Jun-24 12:55:10.868 [main] DEBUG nextflow.config.ConfigBuilder - Parsing config file: /home/tdunham/nextflow_tutorial/btv_consensus_generation_nextflow/nextflow.config
Jun-24 12:55:10.908 [main] DEBUG nextflow.config.ConfigBuilder - Applying config profile: `standard`
Jun-24 12:55:12.048 [main] DEBUG nextflow.cli.CmdRun - Applied DSL=2 by global default
Jun-24 12:55:12.077 [main] INFO  nextflow.cli.CmdRun - Launching `btv_cons_061224.nf` [awesome_shannon] DSL2 - revision: 601e55c282
Jun-24 12:55:12.078 [main] DEBUG nextflow.plugin.PluginsFacade - Plugins default=[]
Jun-24 12:55:12.079 [main] DEBUG nextflow.plugin.PluginsFacade - Plugins resolved requirement=[]
Jun-24 12:55:12.094 [main] DEBUG n.secret.LocalSecretsProvider - Secrets store: /home/tdunham/.nextflow/secrets/store.json
Jun-24 12:55:12.100 [main] DEBUG nextflow.secret.SecretsLoader - Discovered secrets providers: [nextflow.secret.LocalSecretsProvider@c755b2] - activable => nextflow.secret.LocalSecretsProvider@c755b2
Jun-24 12:55:12.190 [main] DEBUG nextflow.Session - Session UUID: 9be4d83f-07c6-44b4-a2ef-2278ce5acede
Jun-24 12:55:12.190 [main] DEBUG nextflow.Session - Run name: awesome_shannon
Jun-24 12:55:12.191 [main] DEBUG nextflow.Session - Executor pool size: 64
Jun-24 12:55:12.202 [main] DEBUG nextflow.file.FilePorter - File porter settings maxRetries=3; maxTransfers=50; pollTimeout=null
Jun-24 12:55:12.208 [main] DEBUG nextflow.util.ThreadPoolBuilder - Creating thread pool 'FileTransfer' minSize=10; maxSize=192; workQueue=LinkedBlockingQueue[10000]; allowCoreThreadTimeout=false
Jun-24 12:55:12.247 [main] DEBUG nextflow.cli.CmdRun - 
  Version: 23.10.1 build 5891
  Created: 12-01-2024 22:01 UTC (15:01 MDT)
  System: Linux 5.15.0-91-generic
  Runtime: Groovy 3.0.19 on OpenJDK 64-Bit Server VM 11.0.23+9-post-Ubuntu-1ubuntu122.04.1
  Encoding: UTF-8 (UTF-8)
  Process: 1058210@aidlngs01 [127.0.1.1]
  CPUs: 64 - Mem: 440.8 GB (89.7 GB) - Swap: 8 GB (8 GB)
Jun-24 12:55:12.282 [main] DEBUG nextflow.Session - Work-dir: /home/tdunham/nextflow_tutorial/btv_consensus_generation_nextflow/work [xfs]
Jun-24 12:55:12.305 [main] DEBUG nextflow.executor.ExecutorFactory - Extension executors providers=[]
Jun-24 12:55:12.323 [main] DEBUG nextflow.Session - Observer factory: DefaultObserverFactory
Jun-24 12:55:12.360 [main] DEBUG nextflow.cache.CacheFactory - Using Nextflow cache factory: nextflow.cache.DefaultCacheFactory
Jun-24 12:55:12.374 [main] DEBUG nextflow.util.CustomThreadPool - Creating default thread pool > poolSize: 65; maxThreads: 1000
Jun-24 12:55:12.464 [main] DEBUG nextflow.Session - Session start
Jun-24 12:55:13.205 [main] DEBUG nextflow.script.ScriptRunner - > Launching execution
Jun-24 12:55:14.247 [main] DEBUG nextflow.executor.ExecutorFactory - << taskConfig executor: null
Jun-24 12:55:14.247 [main] DEBUG nextflow.executor.ExecutorFactory - >> processorType: 'local'
Jun-24 12:55:14.256 [main] DEBUG nextflow.executor.Executor - [warm up] executor > local
Jun-24 12:55:14.263 [main] DEBUG n.processor.LocalPollingMonitor - Creating local task monitor for executor 'local' > cpus=64; memory=440.8 GB; capacity=64; pollInterval=100ms; dumpInterval=5m
Jun-24 12:55:14.267 [main] DEBUG n.processor.TaskPollingMonitor - >>> barrier register (monitor: local)
Jun-24 12:55:14.378 [main] DEBUG nextflow.executor.ExecutorFactory - << taskConfig executor: null
Jun-24 12:55:14.378 [main] DEBUG nextflow.executor.ExecutorFactory - >> processorType: 'local'
Jun-24 12:55:14.392 [main] DEBUG nextflow.executor.ExecutorFactory - << taskConfig executor: null
Jun-24 12:55:14.392 [main] DEBUG nextflow.executor.ExecutorFactory - >> processorType: 'local'
Jun-24 12:55:14.402 [main] DEBUG nextflow.executor.ExecutorFactory - << taskConfig executor: null
Jun-24 12:55:14.402 [main] DEBUG nextflow.executor.ExecutorFactory - >> processorType: 'local'
Jun-24 12:55:14.412 [main] DEBUG nextflow.executor.ExecutorFactory - << taskConfig executor: null
Jun-24 12:55:14.412 [main] DEBUG nextflow.executor.ExecutorFactory - >> processorType: 'local'
Jun-24 12:55:14.418 [main] DEBUG nextflow.Session - Workflow process names [dsl2]: SAMTOOLS_SORT, BTV_CONSENSUS:MINIMAP2_ALIGN, BTV_CONSENSUS:SAMTOOLS_INDEX, IDENTIFY_BEST_SEGMENTS_FROM_SAM, BTV_CONSENSUS:SAMTOOLS_VIEW, BTV_CONSENSUS:IDENTIFY_BEST_SEGMENTS_FROM_SAM, MINIMAP2_ALIGN, SAMTOOLS_VIEW, SAMTOOLS_INDEX, BTV_CONSENSUS:SAMTOOLS_SORT
Jun-24 12:55:14.419 [main] DEBUG nextflow.Session - Igniting dataflow network (8)
Jun-24 12:55:14.429 [PathVisitor-1] DEBUG nextflow.file.PathVisitor - files for syntax: glob; folder: /home/tdunham/nextflow_tutorial/btv_consensus_generation_nextflow/fastq/; pattern: FABADRU_*.fastq.gz; options: [maxDepth:1, checkIfExists:true]
Jun-24 12:55:14.429 [main] DEBUG nextflow.processor.TaskProcessor - Starting process > BTV_CONSENSUS:MINIMAP2_ALIGN
Jun-24 12:55:14.434 [main] DEBUG nextflow.processor.TaskProcessor - Starting process > BTV_CONSENSUS:SAMTOOLS_VIEW
Jun-24 12:55:14.435 [main] DEBUG nextflow.processor.TaskProcessor - Starting process > BTV_CONSENSUS:SAMTOOLS_SORT
Jun-24 12:55:14.436 [main] DEBUG nextflow.processor.TaskProcessor - Starting process > BTV_CONSENSUS:SAMTOOLS_INDEX
Jun-24 12:55:14.438 [main] DEBUG nextflow.processor.TaskProcessor - Starting process > BTV_CONSENSUS:IDENTIFY_BEST_SEGMENTS_FROM_SAM
Jun-24 12:55:14.445 [main] DEBUG nextflow.script.ScriptRunner - Parsed script files:
  Script_8a003a3d110d87c7: /home/tdunham/nextflow_tutorial/btv_consensus_generation_nextflow/./modules/local/minimap2/align/main.nf
  Script_ffdc3320118a9f38: /home/tdunham/nextflow_tutorial/btv_consensus_generation_nextflow/./modules/local/samtools/sort/main.nf
  Script_a7b86f920286cb6a: /home/tdunham/nextflow_tutorial/btv_consensus_generation_nextflow/./modules/local/identify_best_segments_from_sam/main.nf
  Script_e80e7b4c2212ccc2: /home/tdunham/nextflow_tutorial/btv_consensus_generation_nextflow/btv_cons_061224.nf
  Script_912d69e494b43330: /home/tdunham/nextflow_tutorial/btv_consensus_generation_nextflow/./modules/local/samtools/view/main.nf
  Script_275b1593dca96251: /home/tdunham/nextflow_tutorial/btv_consensus_generation_nextflow/./modules/local/samtools/index/main.nf
Jun-24 12:55:14.448 [main] DEBUG nextflow.script.ScriptRunner - > Awaiting termination 
Jun-24 12:55:14.451 [main] DEBUG nextflow.Session - Session await
Jun-24 12:55:14.813 [Actor Thread 24] DEBUG nextflow.container.SingularityCache - Singularity found local store for image=https://depot.galaxyproject.org/singularity/mulled-v2-66534bcbb7031a148b13e2ad42583020b9cd25c4:3161f532a5ea6f1dec9be5667c9efc2afdac6104-0; path=/home/tdunham/nextflow_tutorial/btv_consensus_generation_nextflow/work/singularity/depot.galaxyproject.org-singularity-mulled-v2-66534bcbb7031a148b13e2ad42583020b9cd25c4-3161f532a5ea6f1dec9be5667c9efc2afdac6104-0.img
Jun-24 12:55:15.209 [Task submitter] DEBUG n.executor.local.LocalTaskHandler - Launch cmd line: /bin/bash -ue .command.run
Jun-24 12:55:15.213 [Task submitter] INFO  nextflow.Session - [6d/bcbce9] Submitted process > BTV_CONSENSUS:MINIMAP2_ALIGN (FABADRU_891979)
Jun-24 12:55:15.231 [Task submitter] DEBUG n.executor.local.LocalTaskHandler - Launch cmd line: /bin/bash -ue .command.run
Jun-24 12:55:15.232 [Task submitter] INFO  nextflow.Session - [ad/cb8095] Submitted process > BTV_CONSENSUS:MINIMAP2_ALIGN (FABADRU_600588)
Jun-24 12:55:18.505 [Task monitor] DEBUG n.processor.TaskPollingMonitor - Task completed > TaskHandler[id: 2; name: BTV_CONSENSUS:MINIMAP2_ALIGN (FABADRU_600588); status: COMPLETED; exit: 0; error: -; workDir: /home/tdunham/nextflow_tutorial/btv_consensus_generation_nextflow/work/ad/cb8095cff77532076f71c1c4a52639]
Jun-24 12:55:18.562 [Actor Thread 35] DEBUG nextflow.container.SingularityCache - Singularity found local store for image=https://depot.galaxyproject.org/singularity/samtools:1.20--h50ea8bc_0; path=/home/tdunham/nextflow_tutorial/btv_consensus_generation_nextflow/work/singularity/depot.galaxyproject.org-singularity-samtools-1.20--h50ea8bc_0.img
Jun-24 12:55:18.588 [Task submitter] DEBUG n.executor.local.LocalTaskHandler - Launch cmd line: /bin/bash -ue .command.run
Jun-24 12:55:18.590 [Task submitter] INFO  nextflow.Session - [39/f25b32] Submitted process > BTV_CONSENSUS:IDENTIFY_BEST_SEGMENTS_FROM_SAM (FABADRU_600588)
Jun-24 12:55:18.597 [Task monitor] DEBUG n.processor.TaskPollingMonitor - Task completed > TaskHandler[id: 1; name: BTV_CONSENSUS:MINIMAP2_ALIGN (FABADRU_891979); status: COMPLETED; exit: 0; error: -; workDir: /home/tdunham/nextflow_tutorial/btv_consensus_generation_nextflow/work/6d/bcbce945d1e9195a91db082af2d847]
Jun-24 12:55:18.619 [Task submitter] DEBUG n.executor.local.LocalTaskHandler - Launch cmd line: /bin/bash -ue .command.run
Jun-24 12:55:18.622 [Task submitter] INFO  nextflow.Session - [1b/3c8cbf] Submitted process > BTV_CONSENSUS:SAMTOOLS_VIEW (FABADRU_600588)
Jun-24 12:55:18.640 [Task submitter] DEBUG n.executor.local.LocalTaskHandler - Launch cmd line: /bin/bash -ue .command.run
Jun-24 12:55:18.641 [Task submitter] INFO  nextflow.Session - [84/481e95] Submitted process > BTV_CONSENSUS:SAMTOOLS_VIEW (FABADRU_891979)
Jun-24 12:55:18.653 [Task submitter] DEBUG n.executor.local.LocalTaskHandler - Launch cmd line: /bin/bash -ue .command.run
Jun-24 12:55:18.654 [Task submitter] INFO  nextflow.Session - [04/f56e9d] Submitted process > BTV_CONSENSUS:IDENTIFY_BEST_SEGMENTS_FROM_SAM (FABADRU_891979)
Jun-24 12:55:19.183 [Task monitor] DEBUG n.processor.TaskPollingMonitor - Task completed > TaskHandler[id: 3; name: BTV_CONSENSUS:IDENTIFY_BEST_SEGMENTS_FROM_SAM (FABADRU_600588); status: COMPLETED; exit: 0; error: -; workDir: /home/tdunham/nextflow_tutorial/btv_consensus_generation_nextflow/work/39/f25b32b05fb94b84bf536893dc5d77]
Jun-24 12:55:19.200 [Task monitor] DEBUG n.processor.TaskPollingMonitor - Task completed > TaskHandler[id: 6; name: BTV_CONSENSUS:IDENTIFY_BEST_SEGMENTS_FROM_SAM (FABADRU_891979); status: COMPLETED; exit: 0; error: -; workDir: /home/tdunham/nextflow_tutorial/btv_consensus_generation_nextflow/work/04/f56e9d2404b810735de0865478f958]
Jun-24 12:55:19.373 [Task monitor] DEBUG n.processor.TaskPollingMonitor - Task completed > TaskHandler[id: 4; name: BTV_CONSENSUS:SAMTOOLS_VIEW (FABADRU_600588); status: COMPLETED; exit: 0; error: -; workDir: /home/tdunham/nextflow_tutorial/btv_consensus_generation_nextflow/work/1b/3c8cbf449f3a8accf57d5973b5ffb5]
Jun-24 12:55:19.386 [Task monitor] DEBUG n.processor.TaskPollingMonitor - Task completed > TaskHandler[id: 5; name: BTV_CONSENSUS:SAMTOOLS_VIEW (FABADRU_891979); status: COMPLETED; exit: 0; error: -; workDir: /home/tdunham/nextflow_tutorial/btv_consensus_generation_nextflow/work/84/481e957da570ae97228e1516dfc850]
Jun-24 12:55:19.411 [Task submitter] DEBUG n.executor.local.LocalTaskHandler - Launch cmd line: /bin/bash -ue .command.run
Jun-24 12:55:19.412 [Task submitter] INFO  nextflow.Session - [98/822ee7] Submitted process > BTV_CONSENSUS:SAMTOOLS_SORT (FABADRU_600588)
Jun-24 12:55:19.423 [Task submitter] DEBUG n.executor.local.LocalTaskHandler - Launch cmd line: /bin/bash -ue .command.run
Jun-24 12:55:19.424 [Task submitter] INFO  nextflow.Session - [78/3f39a4] Submitted process > BTV_CONSENSUS:SAMTOOLS_SORT (FABADRU_891979)
Jun-24 12:55:20.110 [Task monitor] DEBUG n.processor.TaskPollingMonitor - Task completed > TaskHandler[id: 7; name: BTV_CONSENSUS:SAMTOOLS_SORT (FABADRU_600588); status: COMPLETED; exit: 0; error: -; workDir: /home/tdunham/nextflow_tutorial/btv_consensus_generation_nextflow/work/98/822ee7cfa47b2425c9c6c4156ecf94]
Jun-24 12:55:20.123 [Task monitor] DEBUG n.processor.TaskPollingMonitor - Task completed > TaskHandler[id: 8; name: BTV_CONSENSUS:SAMTOOLS_SORT (FABADRU_891979); status: COMPLETED; exit: 0; error: -; workDir: /home/tdunham/nextflow_tutorial/btv_consensus_generation_nextflow/work/78/3f39a4b0f79470aeea7a54c7ee56f4]
Jun-24 12:55:20.152 [Task submitter] DEBUG n.executor.local.LocalTaskHandler - Launch cmd line: /bin/bash -ue .command.run
Jun-24 12:55:20.153 [Task submitter] INFO  nextflow.Session - [86/7a8ab5] Submitted process > BTV_CONSENSUS:SAMTOOLS_INDEX (FABADRU_600588)
Jun-24 12:55:20.164 [Task submitter] DEBUG n.executor.local.LocalTaskHandler - Launch cmd line: /bin/bash -ue .command.run
Jun-24 12:55:20.165 [Task submitter] INFO  nextflow.Session - [77/7f1c07] Submitted process > BTV_CONSENSUS:SAMTOOLS_INDEX (FABADRU_891979)
Jun-24 12:55:20.748 [Task monitor] DEBUG n.processor.TaskPollingMonitor - Task completed > TaskHandler[id: 9; name: BTV_CONSENSUS:SAMTOOLS_INDEX (FABADRU_600588); status: COMPLETED; exit: 0; error: -; workDir: /home/tdunham/nextflow_tutorial/btv_consensus_generation_nextflow/work/86/7a8ab5fa31af362fd53ff8af48e8c3]
Jun-24 12:55:20.804 [Task monitor] DEBUG n.processor.TaskPollingMonitor - Task completed > TaskHandler[id: 10; name: BTV_CONSENSUS:SAMTOOLS_INDEX (FABADRU_891979); status: COMPLETED; exit: 0; error: -; workDir: /home/tdunham/nextflow_tutorial/btv_consensus_generation_nextflow/work/77/7f1c07a9a91100960e53d60a76dfe9]
Jun-24 12:55:20.814 [main] DEBUG nextflow.Session - Session await > all processes finished
Jun-24 12:55:20.817 [Task monitor] DEBUG n.processor.TaskPollingMonitor - <<< barrier arrives (monitor: local) - terminating tasks monitor poll loop
Jun-24 12:55:20.819 [main] DEBUG nextflow.Session - Session await > all barriers passed
Jun-24 12:55:20.845 [main] DEBUG n.trace.WorkflowStatsObserver - Workflow completed > WorkflowStats[succeededCount=10; failedCount=0; ignoredCount=0; cachedCount=0; pendingCount=0; submittedCount=0; runningCount=0; retriesCount=0; abortedCount=0; succeedDuration=11.3s; failedDuration=0ms; cachedDuration=0ms;loadCpus=0; loadMemory=0; peakRunning=4; peakCpus=4; peakMemory=0; ]
Jun-24 12:55:21.064 [main] DEBUG nextflow.cache.CacheDB - Closing CacheDB done
Jun-24 12:55:21.095 [main] DEBUG nextflow.util.ThreadPoolManager - Thread pool 'FileTransfer' shutdown completed (hard=false)
Jun-24 12:55:21.097 [main] DEBUG nextflow.script.ScriptRunner - > Execution complete -- Goodbye
